<?xml version="1.0" encoding="UTF-8"?>
<testng-results total="1" passed="1" failed="0" skipped="0">
  <reporter-output>
  </reporter-output>
  <suite started-at="2021-09-24T10:28:21Z" name="Default suite" finished-at="2021-09-24T10:28:22Z" duration-ms="1117">
    <groups>
    </groups>
    <test started-at="2021-09-24T10:28:21Z" name="Default test" finished-at="2021-09-24T10:28:22Z" duration-ms="1117">
      <class name="com.rmg.ProjectTest.SampleProjectTest">
        <test-method signature="getAllProjectTest()[pri:0, instance:com.rmg.ProjectTest.SampleProjectTest@42a15bdc]" started-at="2021-09-24T15:58:21Z" name="getAllProjectTest" finished-at="2021-09-24T15:58:22Z" duration-ms="1104" status="PASS">
          <reporter-output>
          </reporter-output>
        </test-method> <!-- getAllProjectTest -->
      </class> <!-- com.rmg.ProjectTest.SampleProjectTest -->
    </test> <!-- Default test -->
  </suite> <!-- Default suite -->
</testng-results>
